0 info it worked if it ends with ok
1 verbose cli [
1 verbose cli   'C:\\Program Files\\nodejs\\node.exe',
1 verbose cli   'C:\\Users\\Sumon\\AppData\\Roaming\\npm\\node_modules\\npm\\bin\\npm-cli.js',
1 verbose cli   'start'
1 verbose cli ]
2 info using npm@3.10.10
3 info using node@v15.12.0
4 verbose run-script [ 'prestart', 'start', 'poststart' ]
5 info lifecycle doctor-online-backend@1.0.0~prestart: doctor-online-backend@1.0.0
6 silly lifecycle doctor-online-backend@1.0.0~prestart: no script for prestart, continuing
7 info lifecycle doctor-online-backend@1.0.0~start: doctor-online-backend@1.0.0
8 verbose lifecycle doctor-online-backend@1.0.0~start: unsafe-perm in lifecycle true
9 verbose lifecycle doctor-online-backend@1.0.0~start: PATH: C:\Users\Sumon\AppData\Roaming\npm\node_modules\npm\bin\node-gyp-bin;D:\doctor-online-backend\node_modules\.bin;C:\Program Files (x86)\Common Files\Oracle\Java\javapath;C:\ProgramData\Oracle\Java\javapath;C:\WINDOWS\system32;C:\WINDOWS;C:\WINDOWS\System32\Wbem;C:\WINDOWS\System32\WindowsPowerShell\v1.0\;C:\Program Files (x86)\NVIDIA Corporation\PhysX\Common;C:\Program Files\NVIDIA Corporation\NVIDIA NvDLISR;C:\Program Files\Git\cmd;C:\Program Files\nodejs\;C:\Users\Sumon\AppData\Local\Microsoft\WindowsApps;C:\Users\Sumon\AppData\Local\Programs\Microsoft VS Code\bin;C:\Users\Sumon\AppData\Roaming\npm;C:\Users\Sumon\AppData\Local\GitHubDesktop\bin
10 verbose lifecycle doctor-online-backend@1.0.0~start: CWD: D:\doctor-online-backend
11 silly lifecycle doctor-online-backend@1.0.0~start: Args: [ '/d /s /c', 'nodemon app.js' ]
12 verbose stack Error: kill ENOSYS
12 verbose stack     at process.kill (node:internal/process/per_thread:212:13)
12 verbose stack     at process.listener (C:\Users\Sumon\AppData\Roaming\npm\node_modules\npm\node_modules\npmlog\node_modules\gauge\node_modules\signal-exit\index.js:86:15)
12 verbose stack     at process.emit (node:events:381:22)
13 verbose cwd D:\doctor-online-backend
14 error Windows_NT 10.0.15063
15 error argv "C:\\Program Files\\nodejs\\node.exe" "C:\\Users\\Sumon\\AppData\\Roaming\\npm\\node_modules\\npm\\bin\\npm-cli.js" "start"
16 error node v15.12.0
17 error npm  v3.10.10
18 error code ENOSYS
19 error errno -4054
20 error syscall kill
21 error kill ENOSYS
22 error If you need help, you may report this error at:
22 error     <https://github.com/npm/npm/issues>
23 verbose exit [ -4054, true ]
